Watching for file changes with StatReloader
Performing system checks...

System check identified some issues:

WARNINGS:
todos.Todo: (models.W042) Auto-created primary key used when not defining a primary key type, by default 'django.db.models.AutoField'.
	HINT: Configure the DEFAULT_AUTO_FIELD setting or the TodosConfig.default_auto_field attribute to point to a subclass of AutoField, e.g. 'django.db.models.BigAutoField'.

System check identified 1 issue (0 silenced).
September 19, 2023 - 03:41:37
Django version 4.2.5, using settings 'todoApp.settings'
Starting development server at http://0.0.0.0:8001/
Quit the server with CONTROL-C.

[19/Sep/2023 03:41:50] "POST /todos/22/update HTTP/1.1" 302 0
[19/Sep/2023 03:41:50] "GET /todos/ HTTP/1.1" 200 4133
[19/Sep/2023 03:41:53] "POST /todos/22/update HTTP/1.1" 302 0
[19/Sep/2023 03:41:53] "GET /todos/ HTTP/1.1" 200 4170
[19/Sep/2023 03:42:27] "POST /todos/3/update HTTP/1.1" 302 0
[19/Sep/2023 03:42:27] "GET /todos/ HTTP/1.1" 200 4207
[19/Sep/2023 03:42:28] "POST /todos/22/update HTTP/1.1" 302 0
[19/Sep/2023 03:42:28] "GET /todos/ HTTP/1.1" 200 4170
[19/Sep/2023 03:42:43] "POST /todos/add/ HTTP/1.1" 302 0
[19/Sep/2023 03:42:43] "GET /todos/ HTTP/1.1" 200 4759
